{
  service: 'drobboo-customer-home',
  tag: 'connect-db.js',
  data: { message: 'Database connection established!' },
  level: 'info',
  message: '',
  timestamp: '2021-12-14 12:33:07'
}
{
  service: 'drobboo-customer-home',
  tag: 'connect-db.js',
  data: { message: 'Database connection established!' },
  level: 'info',
  message: '',
  timestamp: '2021-12-14 12:33:15'
}
{
  service: 'drobboo-customer-home',
  tag: 'connect-db.js',
  data: { message: 'Database connection established!' },
  level: 'info',
  message: '',
  timestamp: '2021-12-14 12:33:53'
}
{
  service: 'drobboo-customer-home',
  tag: 'connect-db.js',
  data: { message: 'Database connection established!' },
  level: 'info',
  message: '',
  timestamp: '2021-12-14 12:34:29'
}
{
  service: 'my-chat-service',
  tag: 'connect-db.js',
  data: { message: 'Database connection established!' },
  level: 'info',
  message: '',
  timestamp: '2021-12-14 12:35:39'
}
{
  service: 'my-chat-service',
  tag: 'connect-db.js',
  data: { message: 'Database connection established!' },
  level: 'info',
  message: '',
  timestamp: '2021-12-14 12:53:53'
}
{
  service: 'my-chat-service',
  tag: 'connect-db.js',
  data: { message: 'Database connection established!' },
  level: 'info',
  message: '',
  timestamp: '2021-12-14 13:19:08'
}
{
  service: 'my-chat-service',
  tag: 'connect-db.js',
  data: { message: 'Database connection established!' },
  level: 'info',
  message: '',
  timestamp: '2021-12-14 13:19:20'
}
{
  service: 'my-chat-service',
  tag: 'connect-db.js',
  data: { message: 'Database connection established!' },
  level: 'info',
  message: '',
  timestamp: '2021-12-14 13:19:28'
}
{
  service: 'my-chat-service',
  tag: 'connect-db.js',
  data: { message: 'Database connection established!' },
  level: 'info',
  message: '',
  timestamp: '2021-12-14 13:20:02'
}
{
  service: 'my-chat-service',
  tag: 'connect-db.js',
  data: { message: 'Database connection established!' },
  level: 'info',
  message: '',
  timestamp: '2021-12-14 13:24:19'
}
{
  service: 'my-chat-service',
  tag: 'connect-db.js',
  data: { message: 'Database connection established!' },
  level: 'info',
  message: '',
  timestamp: '2021-12-14 13:26:45'
}
{
  service: 'my-chat-service',
  tag: 'connect-db.js',
  data: { message: 'Database connection established!' },
  level: 'info',
  message: '',
  timestamp: '2021-12-14 13:27:25'
}
{
  service: 'my-chat-service',
  tag: 'connect-db.js',
  data: { message: 'Database connection established!' },
  level: 'info',
  message: '',
  timestamp: '2021-12-14 13:27:33'
}
{
  service: 'my-chat-service',
  tag: 'connect-db.js',
  data: { message: 'Database connection established!' },
  level: 'info',
  message: '',
  timestamp: '2021-12-14 13:28:23'
}
{
  service: 'my-chat-service',
  tag: 'connect-db.js',
  data: { message: 'Database connection established!' },
  level: 'info',
  message: '',
  timestamp: '2021-12-14 13:28:33'
}
{
  service: 'my-chat-service',
  tag: 'connect-db.js',
  data: { message: 'Database connection established!' },
  level: 'info',
  message: '',
  timestamp: '2021-12-14 13:28:48'
}
{
  service: 'my-chat-service',
  tag: 'connect-db.js',
  data: { message: 'Database connection established!' },
  level: 'info',
  message: '',
  timestamp: '2021-12-14 13:29:50'
}
{
  service: 'my-chat-service',
  tag: 'connect-db.js',
  data: { message: 'Database connection established!' },
  level: 'info',
  message: '',
  timestamp: '2021-12-14 13:30:02'
}
{
  service: 'my-chat-service',
  tag: 'connect-db.js',
  data: { message: 'Database connection established!' },
  level: 'info',
  message: '',
  timestamp: '2021-12-14 13:30:29'
}
{
  service: 'my-chat-service',
  tag: 'connect-db.js',
  data: { message: 'Database connection established!' },
  level: 'info',
  message: '',
  timestamp: '2021-12-14 13:32:18'
}
{
  service: 'my-chat-service',
  tag: 'connect-db.js',
  data: { message: 'Database connection established!' },
  level: 'info',
  message: '',
  timestamp: '2021-12-14 14:32:40'
}
{
  service: 'my-chat-service',
  tag: 'connect-db.js',
  data: { message: 'Database connection established!' },
  level: 'info',
  message: '',
  timestamp: '2021-12-14 14:36:57'
}
{
  service: 'my-chat-service',
  tag: 'server.js',
  data: {},
  level: 'error',
  message: 'v.replace is not a function',
  timestamp: '2021-12-14 14:36:57'
}
{
  service: 'my-chat-service',
  tag: 'connect-db.js',
  data: { message: 'Database connection established!' },
  level: 'info',
  message: '',
  timestamp: '2021-12-14 14:43:53'
}
{
  service: 'my-chat-service',
  tag: 'connect-db.js',
  data: { message: 'Database connection established!' },
  level: 'info',
  message: '',
  timestamp: '2021-12-14 14:48:21'
}
{
  service: 'my-chat-service',
  tag: 'connect-db.js',
  data: { message: 'Database connection established!' },
  level: 'info',
  message: '',
  timestamp: '2021-12-14 14:49:29'
}
{
  service: 'my-chat-service',
  tag: 'connect-db.js',
  data: { message: 'Database connection established!' },
  level: 'info',
  message: '',
  timestamp: '2021-12-14 14:50:05'
}
{
  service: 'my-chat-service',
  tag: 'connect-db.js',
  data: { message: 'Database connection established!' },
  level: 'info',
  message: '',
  timestamp: '2021-12-14 14:50:20'
}
{
  service: 'my-chat-service',
  tag: 'connect-db.js',
  data: { message: 'Database connection established!' },
  level: 'info',
  message: '',
  timestamp: '2021-12-14 14:59:41'
}
{
  service: 'my-chat-service',
  tag: 'connect-db.js',
  data: { message: 'Database connection established!' },
  level: 'info',
  message: '',
  timestamp: '2021-12-14 15:05:01'
}
{
  service: 'my-chat-service',
  tag: 'connect-db.js',
  data: { message: 'Database connection established!' },
  level: 'info',
  message: '',
  timestamp: '2021-12-14 15:06:25'
}
{
  service: 'my-chat-service',
  tag: 'connect-db.js',
  data: { message: 'Database connection established!' },
  level: 'info',
  message: '',
  timestamp: '2021-12-14 15:07:05'
}
{
  service: 'my-chat-service',
  tag: 'connect-db.js',
  data: { message: 'Database connection established!' },
  level: 'info',
  message: '',
  timestamp: '2021-12-14 15:08:30'
}
{
  service: 'my-chat-service',
  tag: 'server.js',
  data: {
    code: 'EADDRINUSE',
    errno: -98,
    syscall: 'listen',
    address: '127.0.0.1',
    port: 8001
  },
  level: 'error',
  message: 'listen EADDRINUSE: address already in use 127.0.0.1:8001',
  timestamp: '2021-12-14 15:08:30'
}
{
  service: 'my-chat-service',
  tag: 'connect-db.js',
  data: { message: 'Database connection established!' },
  level: 'info',
  message: '',
  timestamp: '2021-12-14 15:09:58'
}
{
  service: 'my-chat-service',
  tag: 'connect-db.js',
  data: { message: 'Database connection established!' },
  level: 'info',
  message: '',
  timestamp: '2021-12-14 15:11:01'
}
{
  service: 'my-chat-service',
  tag: 'connect-db.js',
  data: { message: 'Database connection established!' },
  level: 'info',
  message: '',
  timestamp: '2021-12-14 15:11:25'
}
{
  service: 'my-chat-service',
  tag: 'connect-db.js',
  data: { message: 'Database connection established!' },
  level: 'info',
  message: '',
  timestamp: '2021-12-14 15:19:16'
}
{
  service: 'my-chat-service',
  tag: 'connect-db.js',
  data: {
    message: 'connect ECONNREFUSED 127.0.0.1:27017',
    reason: TopologyDescription {
      type: 'Single',
      setName: null,
      maxSetVersion: null,
      maxElectionId: null,
      servers: Map(1) {
        'localhost:27017' => ServerDescription {
          address: 'localhost:27017',
          error: Error: connect ECONNREFUSED 127.0.0.1:27017
              at TCPConnectWrap.afterConnect [as oncomplete] (net.js:1159:16) {
            name: 'MongoNetworkError'
          },
          roundTripTime: -1,
          lastUpdateTime: 718186,
          lastWriteDate: null,
          opTime: null,
          type: 'Unknown',
          topologyVersion: undefined,
          minWireVersion: 0,
          maxWireVersion: 0,
          hosts: [],
          passives: [],
          arbiters: [],
          tags: []
        }
      },
      stale: false,
      compatible: true,
      compatibilityError: null,
      logicalSessionTimeoutMinutes: null,
      heartbeatFrequencyMS: 10000,
      localThresholdMS: 15,
      commonWireVersion: null
    }
  },
  level: 'error',
  message: 'connect ECONNREFUSED 127.0.0.1:27017',
  timestamp: '2021-12-15 11:41:03'
}
{
  service: 'my-chat-service',
  tag: 'connect-db.js',
  data: { message: 'Database connection established!' },
  level: 'info',
  message: '',
  timestamp: '2021-12-15 12:02:03'
}
{
  service: 'my-chat-service',
  tag: 'server.js',
  data: {},
  level: 'error',
  message: 'SocketIO.listen is not a function',
  timestamp: '2021-12-15 12:02:03'
}
{
  service: 'my-chat-service',
  tag: 'connect-db.js',
  data: { message: 'Database connection established!' },
  level: 'info',
  message: '',
  timestamp: '2021-12-15 12:21:28'
}
{
  service: 'my-chat-service',
  tag: 'connect-db.js',
  data: { message: 'Database connection established!' },
  level: 'info',
  message: '',
  timestamp: '2021-12-15 12:56:14'
}
{
  service: 'my-chat-service',
  tag: 'connect-db.js',
  data: { message: 'Database connection established!' },
  level: 'info',
  message: '',
  timestamp: '2021-12-15 12:56:57'
}
{
  service: 'my-chat-service',
  tag: 'connect-db.js',
  data: { message: 'Database connection established!' },
  level: 'info',
  message: '',
  timestamp: '2021-12-15 12:57:32'
}
{
  service: 'my-chat-service',
  tag: 'server.js',
  data: {
    code: 'EADDRINUSE',
    errno: -98,
    syscall: 'listen',
    address: '127.0.0.1',
    port: 8001
  },
  level: 'error',
  message: 'listen EADDRINUSE: address already in use 127.0.0.1:8001',
  timestamp: '2021-12-15 12:57:32'
}
{
  service: 'my-chat-service',
  tag: 'connect-db.js',
  data: { message: 'Database connection established!' },
  level: 'info',
  message: '',
  timestamp: '2021-12-15 13:17:37'
}
{
  service: 'my-chat-service',
  tag: 'server.js',
  data: {
    code: 'EADDRINUSE',
    errno: -98,
    syscall: 'listen',
    address: '127.0.0.1',
    port: 8001
  },
  level: 'error',
  message: 'listen EADDRINUSE: address already in use 127.0.0.1:8001',
  timestamp: '2021-12-15 13:17:38'
}
{
  service: 'my-chat-service',
  tag: 'connect-db.js',
  data: { message: 'Database connection established!' },
  level: 'info',
  message: '',
  timestamp: '2021-12-15 13:21:39'
}
{
  service: 'my-chat-service',
  tag: 'connect-db.js',
  data: { message: 'Database connection established!' },
  level: 'info',
  message: '',
  timestamp: '2021-12-15 13:21:49'
}
{
  service: 'my-chat-service',
  tag: 'connect-db.js',
  data: { message: 'Database connection established!' },
  level: 'info',
  message: '',
  timestamp: '2021-12-15 13:22:19'
}
{
  service: 'my-chat-service',
  tag: 'connect-db.js',
  data: { message: 'Database connection established!' },
  level: 'info',
  message: '',
  timestamp: '2021-12-15 13:32:20'
}
{
  service: 'my-chat-service',
  tag: 'connect-db.js',
  data: { message: 'Database connection established!' },
  level: 'info',
  message: '',
  timestamp: '2021-12-15 13:32:55'
}
{
  service: 'my-chat-service',
  tag: 'connect-db.js',
  data: { message: 'Database connection established!' },
  level: 'info',
  message: '',
  timestamp: '2021-12-15 13:36:57'
}
{
  service: 'my-chat-service',
  tag: 'connect-db.js',
  data: { message: 'Database connection established!' },
  level: 'info',
  message: '',
  timestamp: '2021-12-15 13:37:25'
}
{
  service: 'my-chat-service',
  tag: 'connect-db.js',
  data: { message: 'Database connection established!' },
  level: 'info',
  message: '',
  timestamp: '2021-12-15 13:37:40'
}
{
  service: 'my-chat-service',
  tag: 'connect-db.js',
  data: { message: 'Database connection established!' },
  level: 'info',
  message: '',
  timestamp: '2021-12-15 13:38:06'
}
{
  service: 'my-chat-service',
  tag: 'connect-db.js',
  data: { message: 'Database connection established!' },
  level: 'info',
  message: '',
  timestamp: '2021-12-15 13:38:14'
}
{
  service: 'my-chat-service',
  tag: 'connect-db.js',
  data: { message: 'Database connection established!' },
  level: 'info',
  message: '',
  timestamp: '2021-12-15 13:46:03'
}
{
  service: 'my-chat-service',
  tag: 'connect-db.js',
  data: { message: 'Database connection established!' },
  level: 'info',
  message: '',
  timestamp: '2021-12-15 13:48:22'
}
{
  service: 'my-chat-service',
  tag: 'connect-db.js',
  data: { message: 'Database connection established!' },
  level: 'info',
  message: '',
  timestamp: '2021-12-15 13:49:13'
}
{
  service: 'my-chat-service',
  tag: 'connect-db.js',
  data: { message: 'Database connection established!' },
  level: 'info',
  message: '',
  timestamp: '2021-12-15 13:49:23'
}
{
  service: 'my-chat-service',
  tag: 'connect-db.js',
  data: { message: 'Database connection established!' },
  level: 'info',
  message: '',
  timestamp: '2021-12-15 14:25:21'
}
{
  service: 'my-chat-service',
  tag: 'connect-db.js',
  data: { message: 'Database connection established!' },
  level: 'info',
  message: '',
  timestamp: '2021-12-15 14:31:41'
}
{
  service: 'my-chat-service',
  tag: 'connect-db.js',
  data: { message: 'Database connection established!' },
  level: 'info',
  message: '',
  timestamp: '2021-12-15 14:31:46'
}
{
  service: 'my-chat-service',
  tag: 'connect-db.js',
  data: { message: 'Database connection established!' },
  level: 'info',
  message: '',
  timestamp: '2021-12-15 14:33:56'
}
{
  service: 'my-chat-service',
  tag: 'connect-db.js',
  data: { message: 'Database connection established!' },
  level: 'info',
  message: '',
  timestamp: '2021-12-15 14:36:18'
}
{
  service: 'my-chat-service',
  tag: 'connect-db.js',
  data: { message: 'Database connection established!' },
  level: 'info',
  message: '',
  timestamp: '2021-12-15 14:36:28'
}
{
  service: 'my-chat-service',
  tag: 'connect-db.js',
  data: { message: 'Database connection established!' },
  level: 'info',
  message: '',
  timestamp: '2021-12-15 14:36:43'
}
{
  service: 'my-chat-service',
  tag: 'connect-db.js',
  data: { message: 'Database connection established!' },
  level: 'info',
  message: '',
  timestamp: '2021-12-15 14:44:22'
}
{
  service: 'my-chat-service',
  tag: 'connect-db.js',
  data: { message: 'Database connection established!' },
  level: 'info',
  message: '',
  timestamp: '2021-12-15 15:05:18'
}
{
  service: 'my-chat-service',
  tag: 'connect-db.js',
  data: { message: 'Database connection established!' },
  level: 'info',
  message: '',
  timestamp: '2021-12-15 15:16:19'
}
{
  service: 'my-chat-service',
  tag: 'connect-db.js',
  data: { message: 'Database connection established!' },
  level: 'info',
  message: '',
  timestamp: '2021-12-15 15:17:44'
}
{
  service: 'my-chat-service',
  tag: 'connect-db.js',
  data: { message: 'Database connection established!' },
  level: 'info',
  message: '',
  timestamp: '2021-12-15 15:30:18'
}
{
  service: 'my-chat-service',
  tag: 'server.js',
  data: {},
  level: 'error',
  message: 'v.replace is not a function',
  timestamp: '2021-12-15 15:30:18'
}
{
  service: 'my-chat-service',
  tag: 'connect-db.js',
  data: { message: 'Database connection established!' },
  level: 'info',
  message: '',
  timestamp: '2021-12-15 15:30:47'
}
{
  service: 'my-chat-service',
  tag: 'server.js',
  data: {},
  level: 'error',
  message: 'v.replace is not a function',
  timestamp: '2021-12-15 15:30:47'
}
{
  service: 'my-chat-service',
  tag: 'connect-db.js',
  data: { message: 'Database connection established!' },
  level: 'info',
  message: '',
  timestamp: '2021-12-15 15:31:26'
}
{
  service: 'my-chat-service',
  tag: 'connect-db.js',
  data: { message: 'Database connection established!' },
  level: 'info',
  message: '',
  timestamp: '2021-12-15 15:31:41'
}
{
  service: 'my-chat-service',
  tag: 'connect-db.js',
  data: { message: 'Database connection established!' },
  level: 'info',
  message: '',
  timestamp: '2021-12-15 15:33:10'
}
{
  service: 'my-chat-service',
  tag: 'connect-db.js',
  data: { message: 'Database connection established!' },
  level: 'info',
  message: '',
  timestamp: '2021-12-15 15:34:19'
}
{
  service: 'my-chat-service',
  tag: 'connect-db.js',
  data: { message: 'Database connection established!' },
  level: 'info',
  message: '',
  timestamp: '2021-12-15 15:34:26'
}
{
  service: 'my-chat-service',
  tag: 'connect-db.js',
  data: { message: 'Database connection established!' },
  level: 'info',
  message: '',
  timestamp: '2021-12-15 15:35:17'
}
{
  service: 'my-chat-service',
  tag: 'connect-db.js',
  data: { message: 'Database connection established!' },
  level: 'info',
  message: '',
  timestamp: '2021-12-15 15:35:50'
}
{
  service: 'my-chat-service',
  tag: 'connect-db.js',
  data: { message: 'Database connection established!' },
  level: 'info',
  message: '',
  timestamp: '2021-12-15 15:35:59'
}
{
  service: 'my-chat-service',
  tag: 'connect-db.js',
  data: { message: 'Database connection established!' },
  level: 'info',
  message: '',
  timestamp: '2021-12-15 15:57:53'
}
{
  service: 'my-chat-service',
  tag: 'connect-db.js',
  data: { message: 'Database connection established!' },
  level: 'info',
  message: '',
  timestamp: '2021-12-15 15:57:59'
}
{
  service: 'my-chat-service',
  tag: 'connect-db.js',
  data: { message: 'Database connection established!' },
  level: 'info',
  message: '',
  timestamp: '2021-12-15 15:58:09'
}
{
  service: 'my-chat-service',
  tag: 'connect-db.js',
  data: { message: 'Database connection established!' },
  level: 'info',
  message: '',
  timestamp: '2021-12-15 15:59:15'
}
{
  service: 'my-chat-service',
  tag: 'connect-db.js',
  data: { message: 'Database connection established!' },
  level: 'info',
  message: '',
  timestamp: '2021-12-15 16:00:52'
}
{
  service: 'my-chat-service',
  tag: 'connect-db.js',
  data: { message: 'Database connection established!' },
  level: 'info',
  message: '',
  timestamp: '2021-12-15 16:24:22'
}
{
  service: 'my-chat-service',
  tag: 'connect-db.js',
  data: { message: 'Database connection established!' },
  level: 'info',
  message: '',
  timestamp: '2021-12-15 16:26:33'
}
{
  service: 'my-chat-service',
  tag: 'connect-db.js',
  data: { message: 'Database connection established!' },
  level: 'info',
  message: '',
  timestamp: '2021-12-15 16:29:12'
}
{
  service: 'my-chat-service',
  tag: 'connect-db.js',
  data: { message: 'Database connection established!' },
  level: 'info',
  message: '',
  timestamp: '2021-12-15 16:31:01'
}
{
  service: 'my-chat-service',
  tag: 'connect-db.js',
  data: { message: 'Database connection established!' },
  level: 'info',
  message: '',
  timestamp: '2021-12-15 16:31:11'
}
{
  service: 'my-chat-service',
  tag: 'connect-db.js',
  data: { message: 'Database connection established!' },
  level: 'info',
  message: '',
  timestamp: '2021-12-15 16:34:51'
}
{
  service: 'my-chat-service',
  tag: 'connect-db.js',
  data: { message: 'Database connection established!' },
  level: 'info',
  message: '',
  timestamp: '2021-12-15 16:42:08'
}
{
  service: 'my-chat-service',
  tag: 'connect-db.js',
  data: { message: 'Database connection established!' },
  level: 'info',
  message: '',
  timestamp: '2021-12-15 16:59:28'
}
{
  service: 'my-chat-service',
  tag: 'connect-db.js',
  data: { message: 'Database connection established!' },
  level: 'info',
  message: '',
  timestamp: '2021-12-15 17:10:53'
}
{
  service: 'my-chat-service',
  tag: 'connect-db.js',
  data: { message: 'Database connection established!' },
  level: 'info',
  message: '',
  timestamp: '2021-12-15 17:11:24'
}
{
  service: 'my-chat-service',
  tag: 'connect-db.js',
  data: { message: 'Database connection established!' },
  level: 'info',
  message: '',
  timestamp: '2021-12-15 17:13:58'
}
{
  service: 'my-chat-service',
  tag: 'connect-db.js',
  data: { message: 'Database connection established!' },
  level: 'info',
  message: '',
  timestamp: '2021-12-15 17:17:45'
}
{
  service: 'my-chat-service',
  tag: 'connect-db.js',
  data: { message: 'Database connection established!' },
  level: 'info',
  message: '',
  timestamp: '2021-12-15 17:19:12'
}
{
  service: 'my-chat-service',
  tag: 'connect-db.js',
  data: { message: 'Database connection established!' },
  level: 'info',
  message: '',
  timestamp: '2021-12-15 17:19:17'
}
{
  service: 'my-chat-service',
  tag: 'connect-db.js',
  data: { message: 'Database connection established!' },
  level: 'info',
  message: '',
  timestamp: '2021-12-15 17:21:41'
}
{
  service: 'my-chat-service',
  tag: 'connect-db.js',
  data: { message: 'Database connection established!' },
  level: 'info',
  message: '',
  timestamp: '2021-12-15 17:33:50'
}
{
  service: 'my-chat-service',
  tag: 'connect-db.js',
  data: { message: 'Database connection established!' },
  level: 'info',
  message: '',
  timestamp: '2021-12-15 17:38:55'
}
{
  service: 'my-chat-service',
  tag: 'connect-db.js',
  data: { message: 'Database connection established!' },
  level: 'info',
  message: '',
  timestamp: '2021-12-15 17:48:01'
}
{
  service: 'my-chat-service',
  tag: 'connect-db.js',
  data: { message: 'Database connection established!' },
  level: 'info',
  message: '',
  timestamp: '2021-12-15 17:48:36'
}
{
  service: 'my-chat-service',
  tag: 'connect-db.js',
  data: { message: 'Database connection established!' },
  level: 'info',
  message: '',
  timestamp: '2021-12-15 17:48:59'
}
{
  service: 'my-chat-service',
  tag: 'connect-db.js',
  data: { message: 'Database connection established!' },
  level: 'info',
  message: '',
  timestamp: '2021-12-15 17:49:15'
}
{
  service: 'my-chat-service',
  tag: 'connect-db.js',
  data: { message: 'Database connection established!' },
  level: 'info',
  message: '',
  timestamp: '2021-12-15 17:49:27'
}
{
  service: 'my-chat-service',
  tag: 'connect-db.js',
  data: { message: 'Database connection established!' },
  level: 'info',
  message: '',
  timestamp: '2021-12-15 17:49:38'
}
{
  service: 'my-chat-service',
  tag: 'connect-db.js',
  data: { message: 'Database connection established!' },
  level: 'info',
  message: '',
  timestamp: '2021-12-15 17:50:10'
}
{
  service: 'my-chat-service',
  tag: 'connect-db.js',
  data: { message: 'Database connection established!' },
  level: 'info',
  message: '',
  timestamp: '2021-12-15 17:51:25'
}
{
  service: 'my-chat-service',
  tag: 'connect-db.js',
  data: { message: 'Database connection established!' },
  level: 'info',
  message: '',
  timestamp: '2021-12-15 17:54:54'
}
{
  service: 'my-chat-service',
  tag: 'connect-db.js',
  data: { message: 'Database connection established!' },
  level: 'info',
  message: '',
  timestamp: '2021-12-15 17:55:00'
}
{
  service: 'my-chat-service',
  tag: 'connect-db.js',
  data: { message: 'Database connection established!' },
  level: 'info',
  message: '',
  timestamp: '2021-12-15 17:55:23'
}
{
  service: 'my-chat-service',
  tag: 'connect-db.js',
  data: { message: 'Database connection established!' },
  level: 'info',
  message: '',
  timestamp: '2021-12-15 18:00:08'
}
{
  service: 'my-chat-service',
  tag: 'connect-db.js',
  data: { message: 'Database connection established!' },
  level: 'info',
  message: '',
  timestamp: '2021-12-15 18:03:39'
}
{
  service: 'my-chat-service',
  tag: 'connect-db.js',
  data: { message: 'Database connection established!' },
  level: 'info',
  message: '',
  timestamp: '2021-12-15 18:20:59'
}
{
  service: 'my-chat-service',
  tag: 'connect-db.js',
  data: { message: 'Database connection established!' },
  level: 'info',
  message: '',
  timestamp: '2021-12-15 18:27:05'
}
{
  service: 'my-chat-service',
  tag: 'connect-db.js',
  data: { message: 'Database connection established!' },
  level: 'info',
  message: '',
  timestamp: '2021-12-15 18:28:18'
}
{
  service: 'my-chat-service',
  tag: 'connect-db.js',
  data: { message: 'Database connection established!' },
  level: 'info',
  message: '',
  timestamp: '2021-12-19 10:55:54'
}
{
  service: 'my-chat-service',
  tag: 'connect-db.js',
  data: { message: 'Database connection established!' },
  level: 'info',
  message: '',
  timestamp: '2021-12-19 12:31:50'
}
{
  service: 'my-chat-service',
  tag: 'connect-db.js',
  data: { message: 'Database connection established!' },
  level: 'info',
  message: '',
  timestamp: '2021-12-19 12:32:31'
}
{
  service: 'my-chat-service',
  tag: 'connect-db.js',
  data: { message: 'Database connection established!' },
  level: 'info',
  message: '',
  timestamp: '2021-12-19 12:34:02'
}
{
  service: 'my-chat-service',
  tag: 'connect-db.js',
  data: { message: 'Database connection established!' },
  level: 'info',
  message: '',
  timestamp: '2021-12-19 12:36:00'
}
{
  service: 'my-chat-service',
  tag: 'connect-db.js',
  data: { message: 'Database connection established!' },
  level: 'info',
  message: '',
  timestamp: '2021-12-19 12:36:03'
}
{
  service: 'my-chat-service',
  tag: 'connect-db.js',
  data: { message: 'Database connection established!' },
  level: 'info',
  message: '',
  timestamp: '2021-12-19 12:36:09'
}
{
  service: 'my-chat-service',
  tag: 'connect-db.js',
  data: { message: 'Database connection established!' },
  level: 'info',
  message: '',
  timestamp: '2021-12-19 12:37:42'
}
{
  service: 'my-chat-service',
  tag: 'connect-db.js',
  data: { message: 'Database connection established!' },
  level: 'info',
  message: '',
  timestamp: '2021-12-19 12:47:48'
}
{
  service: 'my-chat-service',
  tag: 'connect-db.js',
  data: { message: 'Database connection established!' },
  level: 'info',
  message: '',
  timestamp: '2021-12-19 12:47:59'
}
{
  service: 'my-chat-service',
  tag: 'connect-db.js',
  data: { message: 'Database connection established!' },
  level: 'info',
  message: '',
  timestamp: '2021-12-19 12:48:30'
}
{
  service: 'my-chat-service',
  tag: 'connect-db.js',
  data: { message: 'Database connection established!' },
  level: 'info',
  message: '',
  timestamp: '2021-12-19 12:48:58'
}
{
  service: 'my-chat-service',
  tag: 'connect-db.js',
  data: { message: 'Database connection established!' },
  level: 'info',
  message: '',
  timestamp: '2021-12-19 12:55:50'
}
{
  service: 'my-chat-service',
  tag: 'connect-db.js',
  data: { message: 'Database connection established!' },
  level: 'info',
  message: '',
  timestamp: '2021-12-19 12:59:28'
}
{
  service: 'my-chat-service',
  tag: 'connect-db.js',
  data: { message: 'Database connection established!' },
  level: 'info',
  message: '',
  timestamp: '2021-12-19 13:01:25'
}
{
  service: 'my-chat-service',
  tag: 'user.js: add',
  data: {},
  level: 'error',
  message: 'result is not defined',
  timestamp: '2021-12-19 13:01:30'
}
{
  service: 'my-chat-service',
  tag: 'connect-db.js',
  data: { message: 'Database connection established!' },
  level: 'info',
  message: '',
  timestamp: '2021-12-19 13:02:42'
}
{
  service: 'my-chat-service',
  tag: 'user.js: add',
  data: {
    driver: true,
    name: 'MongoError',
    index: 0,
    code: 11000,
    keyPattern: { name: 1 },
    keyValue: { name: null }
  },
  level: 'error',
  message: 'E11000 duplicate key error collection: chat_app_db.users index: name_1 dup key: { name: null }',
  timestamp: '2021-12-19 13:02:55'
}
{
  service: 'my-chat-service',
  tag: 'connect-db.js',
  data: { message: 'Database connection established!' },
  level: 'info',
  message: '',
  timestamp: '2021-12-19 13:09:36'
}
{
  service: 'my-chat-service',
  tag: 'user.js: add',
  data: {
    driver: true,
    name: 'MongoError',
    index: 0,
    code: 11000,
    keyPattern: { name: 1 },
    keyValue: { name: null }
  },
  level: 'error',
  message: 'E11000 duplicate key error collection: chat_app_db.users index: name_1 dup key: { name: null }',
  timestamp: '2021-12-19 13:10:09'
}
{
  service: 'my-chat-service',
  tag: 'connect-db.js',
  data: { message: 'Database connection established!' },
  level: 'info',
  message: '',
  timestamp: '2021-12-19 13:10:31'
}
{
  service: 'my-chat-service',
  tag: 'user.js: add',
  data: {
    driver: true,
    name: 'MongoError',
    index: 0,
    code: 11000,
    keyPattern: { name: 1 },
    keyValue: { name: null }
  },
  level: 'error',
  message: 'E11000 duplicate key error collection: chat_app_db.users index: name_1 dup key: { name: null }',
  timestamp: '2021-12-19 13:10:37'
}
{
  service: 'my-chat-service',
  tag: 'connect-db.js',
  data: { message: 'Database connection established!' },
  level: 'info',
  message: '',
  timestamp: '2021-12-19 13:11:42'
}
{
  service: 'my-chat-service',
  tag: 'connect-db.js',
  data: { message: 'Database connection established!' },
  level: 'info',
  message: '',
  timestamp: '2021-12-19 13:11:59'
}
{
  service: 'my-chat-service',
  tag: 'connect-db.js',
  data: { message: 'Database connection established!' },
  level: 'info',
  message: '',
  timestamp: '2021-12-19 13:12:41'
}
{
  service: 'my-chat-service',
  tag: 'connect-db.js',
  data: { message: 'Database connection established!' },
  level: 'info',
  message: '',
  timestamp: '2021-12-19 13:12:56'
}
{
  service: 'my-chat-service',
  tag: 'user.js: add',
  data: {
    driver: true,
    name: 'MongoError',
    index: 0,
    code: 11000,
    keyPattern: { name: 1 },
    keyValue: { name: null }
  },
  level: 'error',
  message: 'E11000 duplicate key error collection: chat_app_db.users index: name_1 dup key: { name: null }',
  timestamp: '2021-12-19 13:13:02'
}
{
  service: 'my-chat-service',
  tag: 'user.js: add',
  data: {
    driver: true,
    name: 'MongoError',
    index: 0,
    code: 11000,
    keyPattern: { name: 1 },
    keyValue: { name: null }
  },
  level: 'error',
  message: 'E11000 duplicate key error collection: chat_app_db.users index: name_1 dup key: { name: null }',
  timestamp: '2021-12-19 13:14:10'
}
{
  service: 'my-chat-service',
  tag: 'connect-db.js',
  data: { message: 'Database connection established!' },
  level: 'info',
  message: '',
  timestamp: '2021-12-19 13:21:47'
}
{
  service: 'my-chat-service',
  tag: 'connect-db.js',
  data: { message: 'Database connection established!' },
  level: 'info',
  message: '',
  timestamp: '2021-12-19 13:21:58'
}
{
  service: 'my-chat-service',
  tag: 'user.js: add',
  data: {
    driver: true,
    name: 'MongoError',
    index: 0,
    code: 11000,
    keyPattern: { name: 1 },
    keyValue: { name: null }
  },
  level: 'error',
  message: 'E11000 duplicate key error collection: chat_app_db.users index: name_1 dup key: { name: null }',
  timestamp: '2021-12-19 14:14:50'
}
{
  service: 'my-chat-service',
  tag: 'connect-db.js',
  data: { message: 'Database connection established!' },
  level: 'info',
  message: '',
  timestamp: '2021-12-19 14:21:29'
}
{
  service: 'my-chat-service',
  tag: 'connect-db.js',
  data: { message: 'Database connection established!' },
  level: 'info',
  message: '',
  timestamp: '2021-12-19 14:23:21'
}
{
  service: 'my-chat-service',
  tag: 'connect-db.js',
  data: { message: 'Database connection established!' },
  level: 'info',
  message: '',
  timestamp: '2021-12-19 14:24:22'
}
{
  service: 'my-chat-service',
  tag: 'connect-db.js',
  data: { message: 'Database connection established!' },
  level: 'info',
  message: '',
  timestamp: '2021-12-19 14:29:09'
}
{
  service: 'my-chat-service',
  tag: 'connect-db.js',
  data: { message: 'Database connection established!' },
  level: 'info',
  message: '',
  timestamp: '2021-12-19 14:29:32'
}
{
  service: 'my-chat-service',
  tag: 'connect-db.js',
  data: { message: 'Database connection established!' },
  level: 'info',
  message: '',
  timestamp: '2021-12-19 14:30:31'
}
{
  service: 'my-chat-service',
  tag: 'connect-db.js',
  data: { message: 'Database connection established!' },
  level: 'info',
  message: '',
  timestamp: '2021-12-19 14:32:08'
}
{
  service: 'my-chat-service',
  tag: 'connect-db.js',
  data: { message: 'Database connection established!' },
  level: 'info',
  message: '',
  timestamp: '2021-12-19 14:32:32'
}
{
  service: 'my-chat-service',
  tag: 'connect-db.js',
  data: { message: 'Database connection established!' },
  level: 'info',
  message: '',
  timestamp: '2021-12-19 14:33:15'
}
{
  service: 'my-chat-service',
  tag: 'connect-db.js',
  data: { message: 'Database connection established!' },
  level: 'info',
  message: '',
  timestamp: '2021-12-19 14:35:00'
}
{
  service: 'my-chat-service',
  tag: 'user.js: add',
  data: {
    driver: true,
    name: 'MongoError',
    index: 0,
    code: 11000,
    keyPattern: { name: 1 },
    keyValue: { name: null }
  },
  level: 'error',
  message: 'E11000 duplicate key error collection: chat_app_db.users index: name_1 dup key: { name: null }',
  timestamp: '2021-12-19 14:36:30'
}
{
  service: 'my-chat-service',
  tag: 'user.js: add',
  data: {
    driver: true,
    name: 'MongoError',
    index: 0,
    code: 11000,
    keyPattern: { name: 1 },
    keyValue: { name: null }
  },
  level: 'error',
  message: 'E11000 duplicate key error collection: chat_app_db.users index: name_1 dup key: { name: null }',
  timestamp: '2021-12-19 14:41:26'
}
{
  service: 'my-chat-service',
  tag: 'user.js: add',
  data: {
    driver: true,
    name: 'MongoError',
    index: 0,
    code: 11000,
    keyPattern: { name: 1 },
    keyValue: { name: null }
  },
  level: 'error',
  message: 'E11000 duplicate key error collection: chat_app_db.users index: name_1 dup key: { name: null }',
  timestamp: '2021-12-19 14:41:29'
}
{
  service: 'my-chat-service',
  tag: 'user.js: add',
  data: {
    driver: true,
    name: 'MongoError',
    index: 0,
    code: 11000,
    keyPattern: { name: 1 },
    keyValue: { name: null }
  },
  level: 'error',
  message: 'E11000 duplicate key error collection: chat_app_db.users index: name_1 dup key: { name: null }',
  timestamp: '2021-12-19 14:41:30'
}
{
  service: 'my-chat-service',
  tag: 'user.js: add',
  data: {
    driver: true,
    name: 'MongoError',
    index: 0,
    code: 11000,
    keyPattern: { name: 1 },
    keyValue: { name: null }
  },
  level: 'error',
  message: 'E11000 duplicate key error collection: chat_app_db.users index: name_1 dup key: { name: null }',
  timestamp: '2021-12-19 14:44:03'
}
{
  service: 'my-chat-service',
  tag: 'connect-db.js',
  data: { message: 'Database connection established!' },
  level: 'info',
  message: '',
  timestamp: '2021-12-19 14:54:00'
}
{
  service: 'my-chat-service',
  tag: 'user.js: add',
  data: {
    driver: true,
    name: 'MongoError',
    index: 0,
    code: 11000,
    keyPattern: { name: 1 },
    keyValue: { name: null }
  },
  level: 'error',
  message: 'E11000 duplicate key error collection: chat_app_db.users index: name_1 dup key: { name: null }',
  timestamp: '2021-12-19 14:54:05'
}
{
  service: 'my-chat-service',
  tag: 'user.js: add',
  data: {
    driver: true,
    name: 'MongoError',
    index: 0,
    code: 11000,
    keyPattern: { name: 1 },
    keyValue: { name: null }
  },
  level: 'error',
  message: 'E11000 duplicate key error collection: chat_app_db.users index: name_1 dup key: { name: null }',
  timestamp: '2021-12-19 14:54:06'
}
{
  service: 'my-chat-service',
  tag: 'connect-db.js',
  data: { message: 'Database connection established!' },
  level: 'info',
  message: '',
  timestamp: '2021-12-19 14:54:50'
}
{
  service: 'my-chat-service',
  tag: 'user.js: add',
  data: {
    driver: true,
    name: 'MongoError',
    index: 0,
    code: 11000,
    keyPattern: { name: 1 },
    keyValue: { name: null }
  },
  level: 'error',
  message: 'E11000 duplicate key error collection: chat_app_db.users index: name_1 dup key: { name: null }',
  timestamp: '2021-12-19 14:54:53'
}
{
  service: 'my-chat-service',
  tag: 'user.js: add',
  data: {
    driver: true,
    name: 'MongoError',
    index: 0,
    code: 11000,
    keyPattern: { name: 1 },
    keyValue: { name: null }
  },
  level: 'error',
  message: 'E11000 duplicate key error collection: chat_app_db.users index: name_1 dup key: { name: null }',
  timestamp: '2021-12-19 14:54:54'
}
{
  service: 'my-chat-service',
  tag: 'user.js: add',
  data: {
    driver: true,
    name: 'MongoError',
    index: 0,
    code: 11000,
    keyPattern: { name: 1 },
    keyValue: { name: null }
  },
  level: 'error',
  message: 'E11000 duplicate key error collection: chat_app_db.users index: name_1 dup key: { name: null }',
  timestamp: '2021-12-19 14:55:59'
}
{
  service: 'my-chat-service',
  tag: 'user.js: add',
  data: {
    driver: true,
    name: 'MongoError',
    index: 0,
    code: 11000,
    keyPattern: { name: 1 },
    keyValue: { name: null }
  },
  level: 'error',
  message: 'E11000 duplicate key error collection: chat_app_db.users index: name_1 dup key: { name: null }',
  timestamp: '2021-12-19 14:55:59'
}
{
  service: 'my-chat-service',
  tag: 'connect-db.js',
  data: { message: 'Database connection established!' },
  level: 'info',
  message: '',
  timestamp: '2021-12-19 15:02:23'
}
{
  service: 'my-chat-service',
  tag: 'connect-db.js',
  data: { message: 'Database connection established!' },
  level: 'info',
  message: '',
  timestamp: '2021-12-19 16:30:44'
}
{
  service: 'my-chat-service',
  tag: 'connect-db.js',
  data: { message: 'Database connection established!' },
  level: 'info',
  message: '',
  timestamp: '2021-12-20 12:28:49'
}
{
  service: 'my-chat-service',
  tag: 'connect-db.js',
  data: { message: 'Database connection established!' },
  level: 'info',
  message: '',
  timestamp: '2021-12-20 12:35:09'
}
{
  service: 'my-chat-service',
  tag: 'connect-db.js',
  data: { message: 'Database connection established!' },
  level: 'info',
  message: '',
  timestamp: '2021-12-20 12:59:44'
}
{
  service: 'my-chat-service',
  tag: 'connect-db.js',
  data: { message: 'Database connection established!' },
  level: 'info',
  message: '',
  timestamp: '2021-12-20 13:02:48'
}
{
  service: 'my-chat-service',
  tag: 'connect-db.js',
  data: { message: 'Database connection established!' },
  level: 'info',
  message: '',
  timestamp: '2021-12-20 13:05:28'
}
{
  service: 'my-chat-service',
  tag: 'connect-db.js',
  data: { message: 'Database connection established!' },
  level: 'info',
  message: '',
  timestamp: '2021-12-20 13:10:35'
}
{
  service: 'my-chat-service',
  tag: 'connect-db.js',
  data: { message: 'Database connection established!' },
  level: 'info',
  message: '',
  timestamp: '2021-12-20 13:33:58'
}
{
  service: 'my-chat-service',
  tag: 'connect-db.js',
  data: { message: 'Database connection established!' },
  level: 'info',
  message: '',
  timestamp: '2021-12-20 13:34:50'
}
{
  service: 'my-chat-service',
  tag: 'connect-db.js',
  data: { message: 'Database connection established!' },
  level: 'info',
  message: '',
  timestamp: '2021-12-20 13:35:04'
}
{
  service: 'my-chat-service',
  tag: 'connect-db.js',
  data: { message: 'Database connection established!' },
  level: 'info',
  message: '',
  timestamp: '2021-12-20 13:35:29'
}
{
  service: 'my-chat-service',
  tag: 'connect-db.js',
  data: { message: 'Database connection established!' },
  level: 'info',
  message: '',
  timestamp: '2021-12-20 13:36:37'
}
{
  service: 'my-chat-service',
  tag: 'connect-db.js',
  data: { message: 'Database connection established!' },
  level: 'info',
  message: '',
  timestamp: '2021-12-20 13:44:10'
}
{
  service: 'my-chat-service',
  tag: 'connect-db.js',
  data: { message: 'Database connection established!' },
  level: 'info',
  message: '',
  timestamp: '2021-12-20 13:50:01'
}
{
  service: 'my-chat-service',
  tag: 'connect-db.js',
  data: { message: 'Database connection established!' },
  level: 'info',
  message: '',
  timestamp: '2021-12-20 13:50:27'
}
{
  service: 'my-chat-service',
  tag: 'connect-db.js',
  data: { message: 'Database connection established!' },
  level: 'info',
  message: '',
  timestamp: '2021-12-20 13:50:30'
}
{
  service: 'my-chat-service',
  tag: 'connect-db.js',
  data: { message: 'Database connection established!' },
  level: 'info',
  message: '',
  timestamp: '2021-12-20 13:51:08'
}
{
  service: 'my-chat-service',
  tag: 'connect-db.js',
  data: { message: 'Database connection established!' },
  level: 'info',
  message: '',
  timestamp: '2021-12-20 13:51:11'
}
{
  service: 'my-chat-service',
  tag: 'connect-db.js',
  data: { message: 'Database connection established!' },
  level: 'info',
  message: '',
  timestamp: '2021-12-20 13:54:46'
}
{
  service: 'my-chat-service',
  tag: 'connect-db.js',
  data: { message: 'Database connection established!' },
  level: 'info',
  message: '',
  timestamp: '2021-12-20 13:54:58'
}
{
  service: 'my-chat-service',
  tag: 'connect-db.js',
  data: { message: 'Database connection established!' },
  level: 'info',
  message: '',
  timestamp: '2021-12-20 13:55:09'
}
{
  service: 'my-chat-service',
  tag: 'connect-db.js',
  data: { message: 'Database connection established!' },
  level: 'info',
  message: '',
  timestamp: '2021-12-20 13:55:18'
}
{
  service: 'my-chat-service',
  tag: 'connect-db.js',
  data: { message: 'Database connection established!' },
  level: 'info',
  message: '',
  timestamp: '2021-12-20 13:55:29'
}
{
  service: 'my-chat-service',
  tag: 'connect-db.js',
  data: { message: 'Database connection established!' },
  level: 'info',
  message: '',
  timestamp: '2021-12-20 13:55:54'
}
{
  service: 'my-chat-service',
  tag: 'connect-db.js',
  data: { message: 'Database connection established!' },
  level: 'info',
  message: '',
  timestamp: '2021-12-20 13:56:08'
}
{
  service: 'my-chat-service',
  tag: 'connect-db.js',
  data: { message: 'Database connection established!' },
  level: 'info',
  message: '',
  timestamp: '2021-12-20 13:59:42'
}
{
  service: 'my-chat-service',
  tag: 'connect-db.js',
  data: { message: 'Database connection established!' },
  level: 'info',
  message: '',
  timestamp: '2021-12-20 14:42:23'
}
{
  service: 'my-chat-service',
  tag: 'connect-db.js',
  data: { message: 'Database connection established!' },
  level: 'info',
  message: '',
  timestamp: '2021-12-20 14:42:31'
}
{
  service: 'my-chat-service',
  tag: 'connect-db.js',
  data: { message: 'Database connection established!' },
  level: 'info',
  message: '',
  timestamp: '2021-12-20 14:45:47'
}
{
  service: 'my-chat-service',
  tag: 'connect-db.js',
  data: { message: 'Database connection established!' },
  level: 'info',
  message: '',
  timestamp: '2021-12-20 14:45:49'
}
{
  service: 'my-chat-service',
  tag: 'connect-db.js',
  data: { message: 'Database connection established!' },
  level: 'info',
  message: '',
  timestamp: '2021-12-20 14:46:00'
}
{
  service: 'my-chat-service',
  tag: 'connect-db.js',
  data: { message: 'Database connection established!' },
  level: 'info',
  message: '',
  timestamp: '2021-12-20 14:46:24'
}
{
  service: 'my-chat-service',
  tag: 'connect-db.js',
  data: { message: 'Database connection established!' },
  level: 'info',
  message: '',
  timestamp: '2021-12-20 14:46:33'
}
{
  service: 'my-chat-service',
  tag: 'connect-db.js',
  data: { message: 'Database connection established!' },
  level: 'info',
  message: '',
  timestamp: '2021-12-20 14:48:09'
}
{
  service: 'my-chat-service',
  tag: 'connect-db.js',
  data: { message: 'Database connection established!' },
  level: 'info',
  message: '',
  timestamp: '2021-12-20 15:37:14'
}
{
  service: 'my-chat-service',
  tag: 'connect-db.js',
  data: { message: 'Database connection established!' },
  level: 'info',
  message: '',
  timestamp: '2021-12-20 15:50:12'
}
{
  service: 'my-chat-service',
  tag: 'connect-db.js',
  data: { message: 'Database connection established!' },
  level: 'info',
  message: '',
  timestamp: '2021-12-20 15:54:59'
}
{
  service: 'my-chat-service',
  tag: 'connect-db.js',
  data: { message: 'Database connection established!' },
  level: 'info',
  message: '',
  timestamp: '2021-12-20 16:01:42'
}
{
  service: 'my-chat-service',
  tag: 'connect-db.js',
  data: { message: 'Database connection established!' },
  level: 'info',
  message: '',
  timestamp: '2021-12-20 17:04:49'
}
{
  service: 'my-chat-service',
  tag: 'connect-db.js',
  data: { message: 'Database connection established!' },
  level: 'info',
  message: '',
  timestamp: '2021-12-20 17:18:32'
}
{
  service: 'my-chat-service',
  tag: 'connect-db.js',
  data: { message: 'Database connection established!' },
  level: 'info',
  message: '',
  timestamp: '2021-12-20 17:22:36'
}
{
  service: 'my-chat-service',
  tag: 'connect-db.js',
  data: { message: 'Database connection established!' },
  level: 'info',
  message: '',
  timestamp: '2021-12-20 17:23:57'
}
{
  service: 'my-chat-service',
  tag: 'connect-db.js',
  data: { message: 'Database connection established!' },
  level: 'info',
  message: '',
  timestamp: '2021-12-20 17:26:37'
}
{
  service: 'my-chat-service',
  tag: 'connect-db.js',
  data: { message: 'Database connection established!' },
  level: 'info',
  message: '',
  timestamp: '2021-12-20 17:28:25'
}
{
  service: 'my-chat-service',
  tag: 'connect-db.js',
  data: { message: 'Database connection established!' },
  level: 'info',
  message: '',
  timestamp: '2021-12-20 17:32:26'
}
{
  service: 'my-chat-service',
  tag: 'connect-db.js',
  data: { message: 'Database connection established!' },
  level: 'info',
  message: '',
  timestamp: '2021-12-20 17:35:51'
}
{
  service: 'my-chat-service',
  tag: 'connect-db.js',
  data: { message: 'Database connection established!' },
  level: 'info',
  message: '',
  timestamp: '2021-12-20 17:40:05'
}
{
  service: 'my-chat-service',
  tag: 'connect-db.js',
  data: { message: 'Database connection established!' },
  level: 'info',
  message: '',
  timestamp: '2021-12-20 18:14:59'
}
{
  service: 'my-chat-service',
  tag: 'connect-db.js',
  data: { message: 'Database connection established!' },
  level: 'info',
  message: '',
  timestamp: '2021-12-20 18:28:01'
}
{
  service: 'my-chat-service',
  tag: 'connect-db.js',
  data: { message: 'Database connection established!' },
  level: 'info',
  message: '',
  timestamp: '2021-12-20 18:34:39'
}
{
  service: 'my-chat-service',
  tag: 'connect-db.js',
  data: { message: 'Database connection established!' },
  level: 'info',
  message: '',
  timestamp: '2021-12-20 18:34:48'
}
{
  service: 'my-chat-service',
  tag: 'connect-db.js',
  data: { message: 'Database connection established!' },
  level: 'info',
  message: '',
  timestamp: '2021-12-20 18:35:37'
}
{
  service: 'my-chat-service',
  tag: 'connect-db.js',
  data: { message: 'Database connection established!' },
  level: 'info',
  message: '',
  timestamp: '2021-12-20 18:39:54'
}
{
  service: 'my-chat-service',
  tag: 'connect-db.js',
  data: { message: 'Database connection established!' },
  level: 'info',
  message: '',
  timestamp: '2021-12-20 18:44:06'
}
{
  service: 'my-chat-service',
  tag: 'connect-db.js',
  data: { message: 'Database connection established!' },
  level: 'info',
  message: '',
  timestamp: '2021-12-20 18:44:32'
}
{
  service: 'my-chat-service',
  tag: 'connect-db.js',
  data: { message: 'Database connection established!' },
  level: 'info',
  message: '',
  timestamp: '2021-12-21 10:40:26'
}
{
  service: 'my-chat-service',
  tag: 'connect-db.js',
  data: { message: 'Database connection established!' },
  level: 'info',
  message: '',
  timestamp: '2021-12-21 11:24:07'
}
{
  service: 'my-chat-service',
  tag: 'connect-db.js',
  data: { message: 'Database connection established!' },
  level: 'info',
  message: '',
  timestamp: '2021-12-21 11:25:13'
}
{
  service: 'my-chat-service',
  tag: 'connect-db.js',
  data: { message: 'Database connection established!' },
  level: 'info',
  message: '',
  timestamp: '2021-12-21 11:25:33'
}
{
  service: 'my-chat-service',
  tag: 'socket.js',
  data: 'Socket Server Started at port: 8080',
  level: 'info',
  message: '',
  timestamp: '2021-12-21 11:25:33'
}
